<?xml version="1.0" encoding="UTF-8"?>
<!-- Generated by org.testng.reporters.JUnitReportReporter -->
<testsuite hostname="DESKTOP-0P22N8N" name="example.NewTest" tests="1" failures="0" timestamp="24 Oct 2018 13:19:09 GMT" time="8.125" errors="0">
  <testcase name="testEasy" time="8.125" classname="example.NewTest"/>
</testsuite> <!-- example.NewTest -->
